
      Time: 2022-06-30 00:08:41,474: 
      Level: INFO: 
      Logger: discord.client: 
      Path: C:\Users\Teagan\Documents\Coding\FAQ\env\lib\site-packages\discord\client.py: 
      Line: 607:
      Function: login:
      Message: logging in using static token
      

      Time: 2022-06-30 00:08:43,494: 
      Level: INFO: 
      Logger: discord.gateway: 
      Path: C:\Users\Teagan\Documents\Coding\FAQ\env\lib\site-packages\discord\gateway.py: 
      Line: 458:
      Function: identify:
      Message: Shard ID None has sent the IDENTIFY payload.
      

      Time: 2022-06-30 00:08:43,792: 
      Level: INFO: 
      Logger: discord.gateway: 
      Path: C:\Users\Teagan\Documents\Coding\FAQ\env\lib\site-packages\discord\gateway.py: 
      Line: 546:
      Function: received_message:
      Message: Shard ID None has connected to Gateway (Session ID: de7cc6b3b5b1df7e846ce8e390d76899).
      

      Time: 2022-06-30 00:08:49,486: 
      Level: ERROR: 
      Logger: discord.ui.view: 
      Path: C:\Users\Teagan\Documents\Coding\FAQ\env\lib\site-packages\discord\ui\view.py: 
      Line: 403:
      Function: on_error:
      Message: Ignoring exception in view <AlphaDropdownView timeout=180.0 children=1> for item <AlphaDropdown placeholder='Select a topic...' min_values=1 max_values=1 options=[<SelectOption label='Common Troubleshooting for users' value='1.0' description='Solutions for issues users need to fix from their end' emoji=None default=False>, <SelectOption label='How To setup certain aspects of ModMail' value='2.0' description='Setting the bot up, Using a different category, and more' emoji=None default=False>, <SelectOption label='ModMail Premium' value='3.0' description='Topics related to Modmail premium' emoji=None default=False>, <SelectOption label='Useful Links' value='4.0' description=None emoji=None default=False>, <SelectOption label='How do I use X command' value='5.0' description='Examples on how to use each of the configuration commands' emoji=None default=False>] disabled=False>
      
Traceback (most recent call last):
  File "C:\Users\Teagan\Documents\Coding\FAQ\env\lib\site-packages\discord\ui\view.py", line 414, in _scheduled_task
    await item.callback(interaction)
  File "C:\Users\Teagan\Documents\Coding\FAQ\dropdown.py", line 88, in callback
    await interaction.response.send_message(
  File "C:\Users\Teagan\Documents\Coding\FAQ\env\lib\site-packages\discord\interactions.py", line 702, in send_message
    await adapter.create_interaction_response(
  File "C:\Users\Teagan\Documents\Coding\FAQ\env\lib\site-packages\discord\webhook\async_.py", line 213, in request
    raise HTTPException(response, data)
discord.errors.HTTPException: 400 Bad Request (error code: 50035): Invalid Form Body
In data.components.0.components.0.options: Must be between 1 and 25 in length.

      Time: 2022-06-30 00:09:29,084: 
      Level: ERROR: 
      Logger: discord.app_commands.tree: 
      Path: C:\Users\Teagan\Documents\Coding\FAQ\env\lib\site-packages\discord\app_commands\tree.py: 
      Line: 778:
      Function: on_error:
      Message: Ignoring exception in command 'faq'
      
Traceback (most recent call last):
  File "C:\Users\Teagan\Documents\Coding\FAQ\env\lib\site-packages\discord\app_commands\commands.py", line 641, in _do_call
    return await self._callback(interaction, **params)  # type: ignore
  File "C:\Users\Teagan\Documents\Coding\FAQ\main.py", line 79, in faq
    await interaction.response.send_message(embed=embed, view=view)
  File "C:\Users\Teagan\Documents\Coding\FAQ\env\lib\site-packages\discord\interactions.py", line 702, in send_message
    await adapter.create_interaction_response(
  File "C:\Users\Teagan\Documents\Coding\FAQ\env\lib\site-packages\discord\webhook\async_.py", line 213, in request
    raise HTTPException(response, data)
discord.errors.HTTPException: 400 Bad Request (error code: 50035): Invalid Form Body
In data.components.0.components.0.options.5: The specified option value is already used
In data.components.0.components.0.options.6: The specified option value is already used
In data.components.0.components.0.options.7: The specified option value is already used
In data.components.0.components.0.options.8: The specified option value is already used
In data.components.0.components.0.options.9: The specified option value is already used

The above exception was the direct cause of the following exception:

Traceback (most recent call last):
  File "C:\Users\Teagan\Documents\Coding\FAQ\env\lib\site-packages\discord\app_commands\tree.py", line 1148, in call
    await command._invoke_with_namespace(interaction, namespace)
  File "C:\Users\Teagan\Documents\Coding\FAQ\env\lib\site-packages\discord\app_commands\commands.py", line 666, in _invoke_with_namespace
    return await self._do_call(interaction, transformed_values)
  File "C:\Users\Teagan\Documents\Coding\FAQ\env\lib\site-packages\discord\app_commands\commands.py", line 659, in _do_call
    raise CommandInvokeError(self, e) from e
discord.app_commands.errors.CommandInvokeError: Command 'faq' raised an exception: HTTPException: 400 Bad Request (error code: 50035): Invalid Form Body
In data.components.0.components.0.options.5: The specified option value is already used
In data.components.0.components.0.options.6: The specified option value is already used
In data.components.0.components.0.options.7: The specified option value is already used
In data.components.0.components.0.options.8: The specified option value is already used
In data.components.0.components.0.options.9: The specified option value is already used

      Time: 2022-06-30 00:09:35,556: 
      Level: ERROR: 
      Logger: discord.ui.view: 
      Path: C:\Users\Teagan\Documents\Coding\FAQ\env\lib\site-packages\discord\ui\view.py: 
      Line: 403:
      Function: on_error:
      Message: Ignoring exception in view <AlphaDropdownView timeout=180.0 children=1> for item <AlphaDropdown placeholder='Select a topic...' min_values=1 max_values=1 options=[<SelectOption label='Common Troubleshooting for users' value='1.0' description='Solutions for issues users need to fix from their end' emoji=None default=False>, <SelectOption label='How To setup certain aspects of ModMail' value='2.0' description='Setting the bot up, Using a different category, and more' emoji=None default=False>, <SelectOption label='ModMail Premium' value='3.0' description='Topics related to Modmail premium' emoji=None default=False>, <SelectOption label='Useful Links' value='4.0' description=None emoji=None default=False>, <SelectOption label='How do I use X command' value='5.0' description='Examples on how to use each of the configuration commands' emoji=None default=False>, <SelectOption label='Common Troubleshooting for users' value='1.0' description='Solutions for issues users need to fix from their end' emoji=None default=False>, <SelectOption label='How To setup certain aspects of ModMail' value='2.0' description='Setting the bot up, Using a different category, and more' emoji=None default=False>, <SelectOption label='ModMail Premium' value='3.0' description='Topics related to Modmail premium' emoji=None default=False>, <SelectOption label='Useful Links' value='4.0' description=None emoji=None default=False>, <SelectOption label='How do I use X command' value='5.0' description='Examples on how to use each of the configuration commands' emoji=None default=False>] disabled=False>
      
Traceback (most recent call last):
  File "C:\Users\Teagan\Documents\Coding\FAQ\env\lib\site-packages\discord\ui\view.py", line 414, in _scheduled_task
    await item.callback(interaction)
  File "C:\Users\Teagan\Documents\Coding\FAQ\dropdown.py", line 88, in callback
    await interaction.response.send_message(
  File "C:\Users\Teagan\Documents\Coding\FAQ\env\lib\site-packages\discord\interactions.py", line 702, in send_message
    await adapter.create_interaction_response(
  File "C:\Users\Teagan\Documents\Coding\FAQ\env\lib\site-packages\discord\webhook\async_.py", line 213, in request
    raise HTTPException(response, data)
discord.errors.HTTPException: 400 Bad Request (error code: 50035): Invalid Form Body
In data.components.0.components.0.options: Must be between 1 and 25 in length.
